<?xml version="1.0" encoding="UTF-8"?>
<testsuite xmlns:xsi="http://www.w3.org/2001/XMLSchema-instance" xsi:noNamespaceSchemaLocation="https://maven.apache.org/surefire/maven-surefire-plugin/xsd/surefire-test-report.xsd" version="3.0.2" name="domain.CheckStateTest" time="0.014" tests="21" errors="0" skipped="0" failures="0">
  <properties>
[...]
</properties>
  <testcase name="setResultsReplacesResults" classname="domain.CheckStateTest" time="0.002"/>
  <testcase name="deriveOverallStatus_mixPassAndSkip_returnsPass" classname="domain.CheckStateTest" time="0.0"/>
  <testcase name="deriveOverallStatus_failTakesPrecedenceOverSkip" classname="domain.CheckStateTest" time="0.0"/>
  <testcase name="delegatesProtocolToCheck" classname="domain.CheckStateTest" time="0.0"/>
  <testcase name="deriveOverallStatus_allPass_returnsPass" classname="domain.CheckStateTest" time="0.0"/>
  <testcase name="delegatesPortToCheck" classname="domain.CheckStateTest" time="0.0"/>
  <testcase name="delegatesSectionToCheck" classname="domain.CheckStateTest" time="0.0"/>
  <testcase name="deriveOverallStatus_emptyResults_returnsNotRun" classname="domain.CheckStateTest" time="0.0"/>
  <testcase name="resultsAreDefensiveCopy" classname="domain.CheckStateTest" time="0.0"/>
  <testcase name="deriveOverallStatus_singleFail" classname="domain.CheckStateTest" time="0.0"/>
  <testcase name="deriveOverallStatus_singlePass" classname="domain.CheckStateTest" time="0.001"/>
  <testcase name="deriveOverallStatus_singleSkip" classname="domain.CheckStateTest" time="0.0"/>
  <testcase name="deriveOverallStatus_oneFail_returnsFail" classname="domain.CheckStateTest" time="0.001"/>
  <testcase name="setDurationUpdatesDuration" classname="domain.CheckStateTest" time="0.0"/>
  <testcase name="setStatusUpdatesStatus" classname="domain.CheckStateTest" time="0.001"/>
  <testcase name="initialDurationIsZero" classname="domain.CheckStateTest" time="0.0"/>
  <testcase name="deriveOverallStatus_allSkip_returnsSkip" classname="domain.CheckStateTest" time="0.001"/>
  <testcase name="delegatesNameToCheck" classname="domain.CheckStateTest" time="0.0"/>
  <testcase name="delegatesIdToCheck" classname="domain.CheckStateTest" time="0.001"/>
  <testcase name="initialResultsAreEmpty" classname="domain.CheckStateTest" time="0.0"/>
  <testcase name="initialStatusIsNotRun" classname="domain.CheckStateTest" time="0.001"/>
</testsuite>